<?xml version="1.0" encoding="UTF-8"?>
<!-- Generated by org.testng.reporters.JUnitXMLReporter -->
<testsuite ignored="0" hostname="DESKTOP-M47CIAF" failures="1" tests="1" name="Test" time="4.114" errors="0" timestamp="2024-10-13T16:48:16 IST">
  <testcase classname="testCases.TC002_Opencart_Login_Test" name="loginTest" time="0.81">
    <failure type="java.lang.AssertionError" message="expected [true] but found [false]">
      <![CDATA[java.lang.AssertionError: expected [true] but found [false]
at testCases.TC002_Opencart_Login_Test.loginTest(TC002_Opencart_Login_Test.java:36)
at java.base/java.util.ArrayList.forEach(ArrayList.java:1596)
... Removed 29 stack frames]]>
    </failure>
  </testcase> <!-- loginTest -->
</testsuite> <!-- Test -->
